<?xml version="1.0" encoding="UTF-8"?>
<!-- Generated by org.testng.reporters.JUnitReportReporter -->
<testsuite hostname="DESKTOP-QTN8FV9" failures="0" tests="2" name="com.inetbankingv4.testcase.TC_002_ManagerPageTest" time="1.136" errors="0" timestamp="13 Aug 2019 00:55:42 GMT" skipped="0">
  <testcase classname="com.inetbankingv4.testcase.TC_002_ManagerPageTest" name="IsMarqueeTextPresentTest" time="0.112"/>
  <testcase classname="com.inetbankingv4.testcase.TC_002_ManagerPageTest" name="addNewCustomerLinkTest" time="1.024"/>
</testsuite> <!-- com.inetbankingv4.testcase.TC_002_ManagerPageTest -->
