<?xml version="1.0" encoding="UTF-8"?>
<!-- Generated by org.testng.reporters.JUnitReportReporter -->
<testsuite hostname="DESKTOP-QTN8FV9" failures="0" tests="1" name="com.inetbankingv4.testcase.TC_003_AddCustomerPageTest" time="10.792" errors="0" timestamp="13 Aug 2019 00:55:42 GMT" skipped="0">
  <testcase classname="com.inetbankingv4.testcase.TC_003_AddCustomerPageTest" name="addCustInfoTest" time="10.792"/>
</testsuite> <!-- com.inetbankingv4.testcase.TC_003_AddCustomerPageTest -->
