<?xml version="1.0" encoding="UTF-8"?>
<!-- Generated by org.testng.reporters.JUnitReportReporter -->
<testsuite hostname="DESKTOP-QTN8FV9" failures="0" tests="3" name="com.inetbankingv4.testcase.TC_001_LoginPageTest" time="2.462" errors="0" timestamp="13 Aug 2019 00:55:42 GMT" skipped="0">
  <testcase classname="com.inetbankingv4.testcase.TC_001_LoginPageTest" name="isLinkPresentTest" time="0.296"/>
  <testcase classname="com.inetbankingv4.testcase.TC_001_LoginPageTest" name="isLogoPresent" time="0.103"/>
  <testcase classname="com.inetbankingv4.testcase.TC_001_LoginPageTest" name="LoginTest" time="2.063"/>
</testsuite> <!-- com.inetbankingv4.testcase.TC_001_LoginPageTest -->
