<?xml version="1.0" encoding="UTF-8"?>
<!-- Generated by org.testng.reporters.JUnitReportReporter -->
<testsuite skipped="0" hostname="DESKTOP-QTN8FV9" name="com.inetbankingv4.testcase.TC_001_LoginPageTest" tests="3" failures="0" timestamp="13 Aug 2019 22:15:01 GMT" time="10.774" errors="0">
  <testcase name="isLinkPresentTest" time="0.959" classname="com.inetbankingv4.testcase.TC_001_LoginPageTest"/>
  <testcase name="isLogoPresent" time="0.043" classname="com.inetbankingv4.testcase.TC_001_LoginPageTest"/>
  <testcase name="LoginTest" time="9.772" classname="com.inetbankingv4.testcase.TC_001_LoginPageTest"/>
</testsuite> <!-- com.inetbankingv4.testcase.TC_001_LoginPageTest -->
