<?xml version="1.0" encoding="UTF-8"?>
<!-- Generated by org.testng.reporters.JUnitReportReporter -->
<testsuite skipped="0" hostname="DESKTOP-QTN8FV9" name="com.inetbankingv4.testcase.TC_003_AddCustomerPageTest" tests="1" failures="0" timestamp="13 Aug 2019 22:15:01 GMT" time="10.409" errors="0">
  <testcase name="addCustInfoTest" time="10.409" classname="com.inetbankingv4.testcase.TC_003_AddCustomerPageTest"/>
</testsuite> <!-- com.inetbankingv4.testcase.TC_003_AddCustomerPageTest -->
