<?xml version="1.0" encoding="UTF-8"?>
<!-- Generated by org.testng.reporters.JUnitReportReporter -->
<testsuite skipped="0" hostname="DESKTOP-QTN8FV9" name="com.inetbankingv4.testcase.TC_002_ManagerPageTest" tests="2" failures="0" timestamp="13 Aug 2019 22:15:01 GMT" time="0.851" errors="0">
  <testcase name="IsMarqueeTextPresentTest" time="0.157" classname="com.inetbankingv4.testcase.TC_002_ManagerPageTest"/>
  <testcase name="addNewCustomerLinkTest" time="0.694" classname="com.inetbankingv4.testcase.TC_002_ManagerPageTest"/>
</testsuite> <!-- com.inetbankingv4.testcase.TC_002_ManagerPageTest -->
